

---------------------
; Table of Contents ;
---------------------
  1. Legal Notice
  2. Assembler Summary
  3. Assembler Settings
  4. Assembler Generated Files
  5. Assembler Device Options: C:/Users/ericx/OneDrive/Desktop/ECE 2300/Lab 4/lab4PrelabCase/lab4/ECE2300.sof
  6. Assembler Messages



----------------
; Legal Notice ;
----------------
Copyright (C) 1991-2015 Altera Corporation. All rights reserved.
Your use of Altera Corporation's design tools, logic functions 
and other software and tools, and its AMPP partner logic 
functions, and any output files from any of the foregoing 
(including device programming or simulation files), and any 
associated documentation or information are expressly subject 
to the terms and conditions of the Altera Program License 
Subscription Agreement, the Altera Quartus II License Agreement,
the Altera MegaCore Function License Agreement, or other 
applicable license agreement, including, without limitation, 
that your use is for the sole purpose of programming logic 
devices manufactured by Altera and sold by Altera or its 
authorized distributors.  Please refer to the applicable 
agreement for further details.



+---------------------------------------------------------------+
; Assembler Summary                                             ;
+-----------------------+---------------------------------------+
; Assembler Status      ; Successful - Wed Nov 07 22:49:29 2018 ;
; Revision Name         ; ECE2300                               ;
; Top-level Entity Name ; lab4_top                              ;
; Family                ; Cyclone V                             ;
; Device                ; 5CEBA4F23C7                           ;
+-----------------------+---------------------------------------+


+----------------------------------+
; Assembler Settings               ;
+--------+---------+---------------+
; Option ; Setting ; Default Value ;
+--------+---------+---------------+


+--------------------------------------------------------------------------------+
; Assembler Generated Files                                                      ;
+--------------------------------------------------------------------------------+
; File Name                                                                      ;
+--------------------------------------------------------------------------------+
; C:/Users/ericx/OneDrive/Desktop/ECE 2300/Lab 4/lab4PrelabCase/lab4/ECE2300.sof ;
+--------------------------------------------------------------------------------+


+----------------------------------------------------------------------------------------------------------+
; Assembler Device Options: C:/Users/ericx/OneDrive/Desktop/ECE 2300/Lab 4/lab4PrelabCase/lab4/ECE2300.sof ;
+----------------+-----------------------------------------------------------------------------------------+
; Option         ; Setting                                                                                 ;
+----------------+-----------------------------------------------------------------------------------------+
; Device         ; 5CEBA4F23C7                                                                             ;
; JTAG usercode  ; 0x007EAB91                                                                              ;
; Checksum       ; 0x007EAB91                                                                              ;
+----------------+-----------------------------------------------------------------------------------------+


+--------------------+
; Assembler Messages ;
+--------------------+
Info: *******************************************************************
Info: Running Quartus II 64-Bit Assembler
    Info: Version 15.0.0 Build 145 04/22/2015 SJ Web Edition
    Info: Processing started: Wed Nov 07 22:49:22 2018
Info: Command: quartus_asm --read_settings_files=off --write_settings_files=off lab4 -c ECE2300
Info (115030): Assembler is generating device programming files
Info: Quartus II 64-Bit Assembler was successful. 0 errors, 0 warnings
    Info: Peak virtual memory: 4895 megabytes
    Info: Processing ended: Wed Nov 07 22:49:30 2018
    Info: Elapsed time: 00:00:08
    Info: Total CPU time (on all processors): 00:00:06


